===============================COMMIT STARTED===============================


--------------------------------------------------------------
01-Projects/block-work - 2025-02-02 14:07:13.506397

No changes found in submodule.


--------------------------------------------------------------
01-Projects/chat - 2025-02-02 14:07:13.562247

No changes found in submodule.


--------------------------------------------------------------
01-Projects/coderoom - 2025-02-02 14:07:13.615948

No changes found in submodule.


--------------------------------------------------------------
01-Projects/create-app - 2025-02-02 14:07:13.665061

No changes found in submodule.


--------------------------------------------------------------
01-Projects/deep-learn - 2025-02-02 14:07:13.714594

No changes found in submodule.


--------------------------------------------------------------
01-Projects/docs - 2025-02-02 14:07:13.766535

No changes found in submodule.


--------------------------------------------------------------
01-Projects/edudoor - 2025-02-02 14:07:13.812679

No changes found in submodule.


--------------------------------------------------------------
01-Projects/jainsons - 2025-02-02 14:07:13.875513

No changes found in submodule.


--------------------------------------------------------------
01-Projects/meeting-room - 2025-02-02 14:07:13.930531

No changes found in submodule.


--------------------------------------------------------------
01-Projects/pair-programming - 2025-02-02 14:07:13.978617

No changes found in submodule.


--------------------------------------------------------------
01-Projects/phodcast - 2025-02-02 14:07:14.030157

No changes found in submodule.


--------------------------------------------------------------
01-Projects/portfolio - 2025-02-02 14:07:14.078219

No changes found in submodule.


--------------------------------------------------------------
01-Projects/whiteboard - 2025-02-02 14:07:14.128014

No changes found in submodule.


--------------------------------------------------------------
02-Learnings/learnings - 2025-02-02 14:07:14.179776

No changes found in submodule.


